2025-05-28 13:16:21.082 [info] [main] Log level: Info
2025-05-28 13:16:21.082 [info] [main] Validating found git in: "git"
2025-05-28 13:16:21.082 [info] [main] Using git "2.49.0" from "git"
2025-05-28 13:16:21.082 [info] [Model][doInitialScan] Initial repository scan started
2025-05-28 13:16:21.082 [info] > git rev-parse --show-toplevel [8ms]
2025-05-28 13:16:21.083 [info] > git rev-parse --show-toplevel [13ms]
2025-05-28 13:16:21.089 [info] > git rev-parse --show-toplevel [2ms]
2025-05-28 13:16:21.091 [info] [Model][doInitialScan] Initial repository scan completed - repositories (0), closed repositories (0), parent repositories (1), unsafe repositories (0)
2025-05-28 13:16:22.488 [info] > git rev-parse --show-toplevel [1ms]
2025-05-28 13:16:33.094 [info] > git rev-parse --show-toplevel [1ms]
2025-05-28 13:16:38.408 [info] > git rev-parse --show-toplevel [1ms]
2025-05-28 13:16:39.627 [info] > git rev-parse --show-toplevel [2ms]
2025-05-28 13:16:39.635 [info] > git rev-parse --show-toplevel [2ms]
2025-05-28 13:16:39.643 [info] > git rev-parse --show-toplevel [2ms]
2025-05-28 13:16:39.651 [info] > git rev-parse --show-toplevel [2ms]
2025-05-28 13:16:39.658 [info] > git rev-parse --show-toplevel [1ms]
2025-05-28 13:16:39.666 [info] > git rev-parse --show-toplevel [1ms]
2025-05-28 13:16:39.672 [info] > git rev-parse --show-toplevel [1ms]
2025-05-28 13:16:39.683 [info] > git rev-parse --show-toplevel [2ms]
2025-05-28 13:16:39.692 [info] > git rev-parse --show-toplevel [2ms]
2025-05-28 13:16:39.705 [info] > git rev-parse --show-toplevel [4ms]
2025-05-28 13:16:39.714 [info] > git rev-parse --show-toplevel [1ms]
2025-05-28 13:16:39.723 [info] > git rev-parse --show-toplevel [2ms]
2025-05-28 13:16:39.731 [info] > git rev-parse --show-toplevel [1ms]
2025-05-28 13:16:39.739 [info] > git rev-parse --show-toplevel [2ms]
2025-05-28 13:16:39.747 [info] > git rev-parse --show-toplevel [2ms]
2025-05-28 13:16:39.755 [info] > git rev-parse --show-toplevel [2ms]
2025-05-28 13:16:39.763 [info] > git rev-parse --show-toplevel [2ms]
2025-05-28 13:16:39.771 [info] > git rev-parse --show-toplevel [0ms]
2025-05-28 13:16:39.779 [info] > git rev-parse --show-toplevel [2ms]
2025-05-28 13:16:39.788 [info] > git rev-parse --show-toplevel [2ms]
2025-05-28 13:16:39.795 [info] > git rev-parse --show-toplevel [1ms]
2025-05-28 13:16:39.804 [info] > git rev-parse --show-toplevel [1ms]
2025-05-28 13:16:40.420 [info] > git rev-parse --show-toplevel [4ms]
2025-05-28 13:16:40.426 [info] > git rev-parse --show-toplevel [2ms]
2025-05-28 13:16:40.432 [info] > git rev-parse --show-toplevel [1ms]
2025-05-28 13:16:40.440 [info] > git rev-parse --show-toplevel [2ms]
